{
  "RSpec": {
    "coverage": {
      "/Users/nathalie/Github/codefellows/cf_ticketee/app/models/user.rb": [
        1,
        null,
        null,
        null,
        1,
        null,
        1,
        null,
        null,
        1,
        null,
        null
      ],
      "/Users/nathalie/Github/codefellows/cf_ticketee/app/controllers/application_controller.rb": [
        1,
        1,
        null
      ],
      "/Users/nathalie/Github/codefellows/cf_ticketee/app/helpers/application_helper.rb": [
        1,
        1,
        0,
        0,
        0,
        null,
        null,
        null,
        null
      ],
      "/Users/nathalie/Github/codefellows/cf_ticketee/app/helpers/projects_helper.rb": [
        1,
        null
      ],
      "/Users/nathalie/Github/codefellows/cf_ticketee/app/helpers/tickets_helper.rb": [
        1,
        null
      ],
      "/Users/nathalie/Github/codefellows/cf_ticketee/app/controllers/projects_controller.rb": [
        1,
        1,
        null,
        1,
        0,
        null,
        1,
        0,
        null,
        1,
        0,
        0,
        0,
        0,
        0,
        null,
        0,
        0,
        null,
        null,
        1,
        null,
        null,
        1,
        null,
        null,
        1,
        null,
        0,
        0,
        0,
        null,
        0,
        0,
        null,
        null,
        1,
        null,
        0,
        0,
        0,
        null,
        1,
        1,
        0,
        null,
        0,
        0,
        null,
        null,
        null
      ],
      "/Users/nathalie/Github/codefellows/cf_ticketee/app/models/project.rb": [
        1,
        1,
        null,
        1,
        null,
        1,
        null,
        null
      ],
      "/Users/nathalie/Github/codefellows/cf_ticketee/app/controllers/tickets_controller.rb": [
        1,
        1,
        1,
        1,
        0,
        null,
        1,
        0,
        0,
        0,
        0,
        null,
        0,
        0,
        null,
        null,
        1,
        null,
        1,
        null,
        1,
        0,
        0,
        0,
        null,
        0,
        0,
        null,
        null,
        1,
        0,
        0,
        0,
        null,
        1,
        1,
        0,
        null,
        1,
        0,
        null,
        null,
        null
      ],
      "/Users/nathalie/Github/codefellows/cf_ticketee/app/models/ticket.rb": [
        1,
        1,
        1,
        null,
        1,
        1,
        null,
        null,
        null
      ],
      "/Users/nathalie/Github/codefellows/cf_ticketee/app/models/ability.rb": [

      ]
    },
    "timestamp": 1374040068
  }
}
